{
  "stats": {
    "suites": 1,
    "tests": 1,
    "passes": 1,
    "pending": 0,
    "failures": 0,
    "start": "2025-08-01T05:06:17.655Z",
    "end": "2025-08-01T05:06:21.410Z",
    "duration": 3755,
    "testsRegistered": 1,
    "passPercent": 100,
    "pendingPercent": 0,
    "other": 0,
    "hasOther": false,
    "skipped": 0,
    "hasSkipped": false
  },
  "results": [
    {
      "uuid": "8b665b98-8000-407a-97fa-e131f608379a",
      "title": "",
      "fullFile": "cypress\\e2e\\login_success.cy.js",
      "file": "cypress\\e2e\\login_success.cy.js",
      "beforeHooks": [],
      "afterHooks": [],
      "tests": [],
      "suites": [
        {
          "uuid": "af37390b-9cb5-4c8b-b67e-419d7f9f996c",
          "title": "Successful login",
          "fullFile": "",
          "file": "",
          "beforeHooks": [],
          "afterHooks": [],
          "tests": [
            {
              "title": "Logs in with valid credentials",
              "fullTitle": "Successful login Logs in with valid credentials",
              "timedOut": null,
              "duration": 2610,
              "state": "passed",
              "speed": "fast",
              "pass": true,
              "fail": false,
              "pending": false,
              "context": null,
              "code": "// Visit the login page\n_loginPage.default.visit();\n// Fill in valid username and password\n_loginPage.default.fillUserName('tomsmith');\n_loginPage.default.fillPassword('SuperSecretPassword!');\n// Submit the login form\n_loginPage.default.submit();\n// Verify success message is displayed\n_loginPage.default.assertSuccess();",
              "err": {},
              "uuid": "a2e7f05f-08e2-4ab1-ba54-82099c2ba22d",
              "parentUUID": "af37390b-9cb5-4c8b-b67e-419d7f9f996c",
              "isHook": false,
              "skipped": false
            }
          ],
          "suites": [],
          "passes": [
            "a2e7f05f-08e2-4ab1-ba54-82099c2ba22d"
          ],
          "failures": [],
          "pending": [],
          "skipped": [],
          "duration": 2610,
          "root": false,
          "rootEmpty": false,
          "_timeout": 2000
        }
      ],
      "passes": [],
      "failures": [],
      "pending": [],
      "skipped": [],
      "duration": 0,
      "root": true,
      "rootEmpty": true,
      "_timeout": 2000
    }
  ],
  "meta": {
    "mocha": {
      "version": "7.2.0"
    },
    "mochawesome": {
      "options": {
        "quiet": false,
        "reportFilename": "mochawesome",
        "saveHtml": true,
        "saveJson": true,
        "consoleReporter": "spec",
        "useInlineDiffs": false,
        "code": true
      },
      "version": "7.1.3"
    },
    "marge": {
      "options": {
        "reportDir": "cypress/reports",
        "overwrite": false,
        "html": true,
        "json": true
      },
      "version": "6.2.0"
    }
  }
}