{
  "stats": {
    "suites": 1,
    "tests": 1,
    "passes": 1,
    "pending": 0,
    "failures": 0,
    "start": "2025-08-03T07:39:13.304Z",
    "end": "2025-08-03T07:39:18.445Z",
    "duration": 5141,
    "testsRegistered": 1,
    "passPercent": 100,
    "pendingPercent": 0,
    "other": 0,
    "hasOther": false,
    "skipped": 0,
    "hasSkipped": false
  },
  "results": [
    {
      "uuid": "3260612e-97ea-4edc-be67-07312773630c",
      "title": "",
      "fullFile": "cypress\\e2e\\login_failure.cy.js",
      "file": "cypress\\e2e\\login_failure.cy.js",
      "beforeHooks": [],
      "afterHooks": [],
      "tests": [],
      "suites": [
        {
          "uuid": "69bc9115-cdc3-4d05-8633-483e781ccaea",
          "title": "Unsuccessful login",
          "fullFile": "",
          "file": "",
          "beforeHooks": [],
          "afterHooks": [],
          "tests": [
            {
              "title": "Fails to log in with invalid credentials",
              "fullTitle": "Unsuccessful login Fails to log in with invalid credentials",
              "timedOut": null,
              "duration": 2911,
              "state": "passed",
              "speed": "fast",
              "pass": true,
              "fail": false,
              "pending": false,
              "context": null,
              "code": "// Visit the login page\n_loginPage.default.visit();\n// Fill in incorrect username and password\n_loginPage.default.fillUserName('wronguser');\n_loginPage.default.fillPassword('wrongpass');\n// Submit the login form\n_loginPage.default.submit();\n// Verify error message is displayed\n_loginPage.default.assertError();",
              "err": {},
              "uuid": "43dd94c6-083a-47d2-90b9-3594baba2091",
              "parentUUID": "69bc9115-cdc3-4d05-8633-483e781ccaea",
              "isHook": false,
              "skipped": false
            }
          ],
          "suites": [],
          "passes": [
            "43dd94c6-083a-47d2-90b9-3594baba2091"
          ],
          "failures": [],
          "pending": [],
          "skipped": [],
          "duration": 2911,
          "root": false,
          "rootEmpty": false,
          "_timeout": 2000
        }
      ],
      "passes": [],
      "failures": [],
      "pending": [],
      "skipped": [],
      "duration": 0,
      "root": true,
      "rootEmpty": true,
      "_timeout": 2000
    }
  ],
  "meta": {
    "mocha": {
      "version": "7.2.0"
    },
    "mochawesome": {
      "options": {
        "quiet": false,
        "reportFilename": "mochawesome",
        "saveHtml": true,
        "saveJson": true,
        "consoleReporter": "spec",
        "useInlineDiffs": false,
        "code": true
      },
      "version": "7.1.3"
    },
    "marge": {
      "options": {
        "reportDir": "cypress/reports",
        "overwrite": false,
        "html": true,
        "json": true
      },
      "version": "6.2.0"
    }
  }
}