{
  "stats": {
    "suites": 1,
    "tests": 1,
    "passes": 1,
    "pending": 0,
    "failures": 0,
    "start": "2025-08-01T05:06:11.315Z",
    "end": "2025-08-01T05:06:16.252Z",
    "duration": 4937,
    "testsRegistered": 1,
    "passPercent": 100,
    "pendingPercent": 0,
    "other": 0,
    "hasOther": false,
    "skipped": 0,
    "hasSkipped": false
  },
  "results": [
    {
      "uuid": "de3cbda1-49af-4f8b-9ccc-2fe30dbe9690",
      "title": "",
      "fullFile": "cypress\\e2e\\login_failure.cy.js",
      "file": "cypress\\e2e\\login_failure.cy.js",
      "beforeHooks": [],
      "afterHooks": [],
      "tests": [],
      "suites": [
        {
          "uuid": "b85b573d-0099-4c82-9678-1f2996377dc7",
          "title": "Unsuccessful login",
          "fullFile": "",
          "file": "",
          "beforeHooks": [],
          "afterHooks": [],
          "tests": [
            {
              "title": "Fails to log in with invalid credentials",
              "fullTitle": "Unsuccessful login Fails to log in with invalid credentials",
              "timedOut": null,
              "duration": 2673,
              "state": "passed",
              "speed": "fast",
              "pass": true,
              "fail": false,
              "pending": false,
              "context": null,
              "code": "// Visit the login page\n_loginPage.default.visit();\n// Fill in incorrect username and password\n_loginPage.default.fillUserName('wronguser');\n_loginPage.default.fillPassword('wrongpass');\n// Submit the login form\n_loginPage.default.submit();\n// Verify error message is displayed\n_loginPage.default.assertError();",
              "err": {},
              "uuid": "aa42d47c-fee3-4d25-a1dc-400b51d40271",
              "parentUUID": "b85b573d-0099-4c82-9678-1f2996377dc7",
              "isHook": false,
              "skipped": false
            }
          ],
          "suites": [],
          "passes": [
            "aa42d47c-fee3-4d25-a1dc-400b51d40271"
          ],
          "failures": [],
          "pending": [],
          "skipped": [],
          "duration": 2673,
          "root": false,
          "rootEmpty": false,
          "_timeout": 2000
        }
      ],
      "passes": [],
      "failures": [],
      "pending": [],
      "skipped": [],
      "duration": 0,
      "root": true,
      "rootEmpty": true,
      "_timeout": 2000
    }
  ],
  "meta": {
    "mocha": {
      "version": "7.2.0"
    },
    "mochawesome": {
      "options": {
        "quiet": false,
        "reportFilename": "mochawesome",
        "saveHtml": true,
        "saveJson": true,
        "consoleReporter": "spec",
        "useInlineDiffs": false,
        "code": true
      },
      "version": "7.1.3"
    },
    "marge": {
      "options": {
        "reportDir": "cypress/reports",
        "overwrite": false,
        "html": true,
        "json": true
      },
      "version": "6.2.0"
    }
  }
}