{
  "stats": {
    "suites": 1,
    "tests": 1,
    "passes": 1,
    "pending": 0,
    "failures": 0,
    "start": "2025-08-03T07:39:19.739Z",
    "end": "2025-08-03T07:39:23.430Z",
    "duration": 3691,
    "testsRegistered": 1,
    "passPercent": 100,
    "pendingPercent": 0,
    "other": 0,
    "hasOther": false,
    "skipped": 0,
    "hasSkipped": false
  },
  "results": [
    {
      "uuid": "fd7dc4d6-64d3-4630-b0df-6cdb5bd6cccd",
      "title": "",
      "fullFile": "cypress\\e2e\\login_success.cy.js",
      "file": "cypress\\e2e\\login_success.cy.js",
      "beforeHooks": [],
      "afterHooks": [],
      "tests": [],
      "suites": [
        {
          "uuid": "bb2da400-463f-46a9-bcf8-b20d3334873d",
          "title": "Successful login",
          "fullFile": "",
          "file": "",
          "beforeHooks": [],
          "afterHooks": [],
          "tests": [
            {
              "title": "Logs in with valid credentials",
              "fullTitle": "Successful login Logs in with valid credentials",
              "timedOut": null,
              "duration": 2517,
              "state": "passed",
              "speed": "fast",
              "pass": true,
              "fail": false,
              "pending": false,
              "context": null,
              "code": "// Visit the login page\n_loginPage.default.visit();\n// Fill in valid username and password\n_loginPage.default.fillUserName('tomsmith');\n_loginPage.default.fillPassword('SuperSecretPassword!');\n// Submit the login form\n_loginPage.default.submit();\n// Verify success message is displayed\n_loginPage.default.assertSuccess();",
              "err": {},
              "uuid": "37854aa4-66b7-4ed9-a525-59d8b03e7d2c",
              "parentUUID": "bb2da400-463f-46a9-bcf8-b20d3334873d",
              "isHook": false,
              "skipped": false
            }
          ],
          "suites": [],
          "passes": [
            "37854aa4-66b7-4ed9-a525-59d8b03e7d2c"
          ],
          "failures": [],
          "pending": [],
          "skipped": [],
          "duration": 2517,
          "root": false,
          "rootEmpty": false,
          "_timeout": 2000
        }
      ],
      "passes": [],
      "failures": [],
      "pending": [],
      "skipped": [],
      "duration": 0,
      "root": true,
      "rootEmpty": true,
      "_timeout": 2000
    }
  ],
  "meta": {
    "mocha": {
      "version": "7.2.0"
    },
    "mochawesome": {
      "options": {
        "quiet": false,
        "reportFilename": "mochawesome",
        "saveHtml": true,
        "saveJson": true,
        "consoleReporter": "spec",
        "useInlineDiffs": false,
        "code": true
      },
      "version": "7.1.3"
    },
    "marge": {
      "options": {
        "reportDir": "cypress/reports",
        "overwrite": false,
        "html": true,
        "json": true
      },
      "version": "6.2.0"
    }
  }
}